<?xml version="1.0" encoding="UTF-8"?>
<testsuites>
    <testsuite name="force.apex" timestamp="2019-02-12T10:29:07+05:45" hostname="https://ap8.salesforce.com" tests="1" failures="0"  errors="0"  time="0">
        <properties>
            <property name="outcome" value="Passed"/>
            <property name="testsRan" value="1"/>
            <property name="passing" value="0"/>
            <property name="failing" value="0"/>
            <property name="skipped" value="1"/>
            <property name="passRate" value="NaN%"/>
            <property name="failRate" value="NaN%"/>
            <property name="testStartTime" value="Feb 12, 2019 10:29 AM"/>
            <property name="testExecutionTime" value="0 s"/>
            <property name="testTotalTime" value="0 s"/>
            <property name="commandTime" value="24.07 s"/>
            <property name="hostname" value="https://ap8.salesforce.com"/>
            <property name="orgId" value="00D0o0000017fTLEAY"/>
            <property name="username" value="pitambar@javra.com"/>
            <property name="testRunId" value="7070o0000BSwiy2"/>
            <property name="userId" value="0050o00000W63OuAAJ"/>
        </properties>
        <testcase name="updateLead" classname="HelloWorldTest" time="0">
            <failure message="Method updateLead does not exist in the the apex class with Id :01p0o00000B8VAD"></failure>
        </testcase>
    </testsuite>
</testsuites>
