<?xml version="1.0" encoding="UTF-8"?>
<testsuites>
    <testsuite name="force.apex" timestamp="2019-03-08T15:17:04+05:45" hostname="https://ap8.salesforce.com" tests="1" failures="0"  errors="0"  time="2.21">
        <properties>
            <property name="outcome" value="Passed"/>
            <property name="testsRan" value="1"/>
            <property name="passing" value="1"/>
            <property name="failing" value="0"/>
            <property name="skipped" value="0"/>
            <property name="passRate" value="100%"/>
            <property name="failRate" value="0%"/>
            <property name="testStartTime" value="Mar 8, 2019 3:17 PM"/>
            <property name="testExecutionTime" value="2.21 s"/>
            <property name="testTotalTime" value="2.21 s"/>
            <property name="commandTime" value="33.22 s"/>
            <property name="hostname" value="https://ap8.salesforce.com"/>
            <property name="orgId" value="00D0o0000017fTLEAY"/>
            <property name="username" value="pitambar@javra.com"/>
            <property name="testRunId" value="7070o0000BaG73H"/>
            <property name="userId" value="0050o00000W63OuAAJ"/>
        </properties>
        <testcase name="SendIphone" classname="SendIphoneToMemberTest" time="2.21">
        </testcase>
    </testsuite>
</testsuites>
