<?xml version="1.0" encoding="UTF-8"?>
<testsuites>
    <testsuite name="force.apex" timestamp="2019-03-12T17:11:11+05:45" hostname="https://ap8.salesforce.com" tests="1" failures="0"  errors="0"  time="0.13">
        <properties>
            <property name="outcome" value="Passed"/>
            <property name="testsRan" value="1"/>
            <property name="passing" value="1"/>
            <property name="failing" value="0"/>
            <property name="skipped" value="0"/>
            <property name="passRate" value="100%"/>
            <property name="failRate" value="0%"/>
            <property name="testStartTime" value="Mar 12, 2019 5:11 PM"/>
            <property name="testExecutionTime" value="0.13 s"/>
            <property name="testTotalTime" value="0.13 s"/>
            <property name="commandTime" value="28.58 s"/>
            <property name="hostname" value="https://ap8.salesforce.com"/>
            <property name="orgId" value="00D0o0000017fTLEAY"/>
            <property name="username" value="pitambar@javra.com"/>
            <property name="testRunId" value="7070o0000BaHe4D"/>
            <property name="userId" value="0050o00000W63OuAAJ"/>
        </properties>
        <testcase name="AddorSubtractPayroll" classname="PayrollDeductionTest" time="0.13">
        </testcase>
    </testsuite>
</testsuites>
